[2024-10-29T09:33:31.891] [DEBUG] default - Error: EPERM: operation not permitted, unlink 'D:\Dev SIPPP\PMO\public\sidapet\temporary\undefined-1730169211881.pdf'
    at Object.unlinkSync (node:fs:1808:3)
    at D:\Dev SIPPP\PMO\sidapet-be-reb\rebuild-sidapet-be\src\services\api\v1\profilVendor-service.ts:343:16
    at Generator.next (<anonymous>)
    at fulfilled (D:\Dev SIPPP\PMO\sidapet-be-reb\rebuild-sidapet-be\src\services\api\v1\profilVendor-service.ts:5:58)
    at processTicksAndRejections (node:internal/process/task_queues:95:5) {
  errno: -4048,
  syscall: 'unlink',
  code: 'EPERM',
  path: 'D:\\Dev SIPPP\\PMO\\public\\sidapet\\temporary\\undefined-1730169211881.pdf'
}
[2024-10-29T09:34:01.623] [DEBUG] default - Error: EPERM: operation not permitted, unlink 'D:\Dev SIPPP\PMO\public\sidapet\temporary\undefined-1730169241607.pdf'
    at Object.unlinkSync (node:fs:1808:3)
    at D:\Dev SIPPP\PMO\sidapet-be-reb\rebuild-sidapet-be\src\services\api\v1\profilVendor-service.ts:343:16
    at Generator.next (<anonymous>)
    at fulfilled (D:\Dev SIPPP\PMO\sidapet-be-reb\rebuild-sidapet-be\src\services\api\v1\profilVendor-service.ts:5:58)
    at processTicksAndRejections (node:internal/process/task_queues:95:5) {
  errno: -4048,
  syscall: 'unlink',
  code: 'EPERM',
  path: 'D:\\Dev SIPPP\\PMO\\public\\sidapet\\temporary\\undefined-1730169241607.pdf'
}
[2024-10-29T09:34:39.007] [DEBUG] default - Error: EPERM: operation not permitted, unlink 'D:\Dev SIPPP\PMO\public\sidapet\temporary\undefined-1730169278996.pdf'
    at Object.unlinkSync (node:fs:1808:3)
    at D:\Dev SIPPP\PMO\sidapet-be-reb\rebuild-sidapet-be\src\services\api\v1\profilVendor-service.ts:343:16
    at Generator.next (<anonymous>)
    at fulfilled (D:\Dev SIPPP\PMO\sidapet-be-reb\rebuild-sidapet-be\src\services\api\v1\profilVendor-service.ts:5:58)
    at processTicksAndRejections (node:internal/process/task_queues:95:5) {
  errno: -4048,
  syscall: 'unlink',
  code: 'EPERM',
  path: 'D:\\Dev SIPPP\\PMO\\public\\sidapet\\temporary\\undefined-1730169278996.pdf'
}
[2024-10-29T09:35:52.580] [DEBUG] default - Error: EPERM: operation not permitted, unlink 'D:\Dev SIPPP\PMO\public\sidapet\temporary\undefined-1730169352567.pdf'
    at Object.unlinkSync (node:fs:1808:3)
    at D:\Dev SIPPP\PMO\sidapet-be-reb\rebuild-sidapet-be\src\services\api\v1\profilVendor-service.ts:343:16
    at Generator.next (<anonymous>)
    at fulfilled (D:\Dev SIPPP\PMO\sidapet-be-reb\rebuild-sidapet-be\src\services\api\v1\profilVendor-service.ts:5:58)
    at processTicksAndRejections (node:internal/process/task_queues:95:5) {
  errno: -4048,
  syscall: 'unlink',
  code: 'EPERM',
  path: 'D:\\Dev SIPPP\\PMO\\public\\sidapet\\temporary\\undefined-1730169352567.pdf'
}
[2024-10-29T09:37:05.845] [DEBUG] default - Error: EPERM: operation not permitted, unlink 'D:\Dev SIPPP\PMO\public\sidapet\temporary\undefined-1730169425822.pdf'
    at Object.unlinkSync (node:fs:1808:3)
    at D:\Dev SIPPP\PMO\sidapet-be-reb\rebuild-sidapet-be\src\services\api\v1\profilVendor-service.ts:344:16
    at Generator.next (<anonymous>)
    at fulfilled (D:\Dev SIPPP\PMO\sidapet-be-reb\rebuild-sidapet-be\src\services\api\v1\profilVendor-service.ts:5:58)
    at processTicksAndRejections (node:internal/process/task_queues:95:5) {
  errno: -4048,
  syscall: 'unlink',
  code: 'EPERM',
  path: 'D:\\Dev SIPPP\\PMO\\public\\sidapet\\temporary\\undefined-1730169425822.pdf'
}
[2024-10-29T09:39:16.156] [DEBUG] default - Error: EPERM: operation not permitted, unlink 'D:\Dev SIPPP\PMO\public\sidapet\temporary\undefined-1730169556144.pdf'
    at Object.unlinkSync (node:fs:1808:3)
    at D:\Dev SIPPP\PMO\sidapet-be-reb\rebuild-sidapet-be\src\services\api\v1\profilVendor-service.ts:344:16
    at Generator.next (<anonymous>)
    at fulfilled (D:\Dev SIPPP\PMO\sidapet-be-reb\rebuild-sidapet-be\src\services\api\v1\profilVendor-service.ts:5:58)
    at processTicksAndRejections (node:internal/process/task_queues:95:5) {
  errno: -4048,
  syscall: 'unlink',
  code: 'EPERM',
  path: 'D:\\Dev SIPPP\\PMO\\public\\sidapet\\temporary\\undefined-1730169556144.pdf'
}
[2024-10-29T09:39:23.705] [DEBUG] default - Error: EPERM: operation not permitted, unlink 'D:\Dev SIPPP\PMO\public\sidapet\temporary\undefined-1730169563694.pdf'
    at Object.unlinkSync (node:fs:1808:3)
    at D:\Dev SIPPP\PMO\sidapet-be-reb\rebuild-sidapet-be\src\services\api\v1\profilVendor-service.ts:344:16
    at Generator.next (<anonymous>)
    at fulfilled (D:\Dev SIPPP\PMO\sidapet-be-reb\rebuild-sidapet-be\src\services\api\v1\profilVendor-service.ts:5:58)
    at processTicksAndRejections (node:internal/process/task_queues:95:5) {
  errno: -4048,
  syscall: 'unlink',
  code: 'EPERM',
  path: 'D:\\Dev SIPPP\\PMO\\public\\sidapet\\temporary\\undefined-1730169563694.pdf'
}
