[2024-10-18T10:56:18.267] [ERROR] error - Error: Token Not Match
    at D:\Dev SIPPP\PMO\sidapet-be-reb\rebuild-sidapet-be\src\middleware\authorization.ts:106:13
    at Generator.next (<anonymous>)
    at fulfilled (D:\Dev SIPPP\PMO\sidapet-be-reb\rebuild-sidapet-be\src\middleware\authorization.ts:5:58)
    at processTicksAndRejections (node:internal/process/task_queues:95:5) {
  code: 401,
  status: 'error'
}
[2024-10-18T10:59:33.027] [ERROR] error - Error: Token Not Match
    at D:\Dev SIPPP\PMO\sidapet-be-reb\rebuild-sidapet-be\src\middleware\authorization.ts:106:13
    at Generator.next (<anonymous>)
    at fulfilled (D:\Dev SIPPP\PMO\sidapet-be-reb\rebuild-sidapet-be\src\middleware\authorization.ts:5:58)
    at processTicksAndRejections (node:internal/process/task_queues:95:5) {
  code: 401,
  status: 'error'
}
[2024-10-18T11:02:32.112] [ERROR] error - Error: Token Not Match
    at D:\Dev SIPPP\PMO\sidapet-be-reb\rebuild-sidapet-be\src\middleware\authorization.ts:106:13
    at Generator.next (<anonymous>)
    at fulfilled (D:\Dev SIPPP\PMO\sidapet-be-reb\rebuild-sidapet-be\src\middleware\authorization.ts:5:58)
    at processTicksAndRejections (node:internal/process/task_queues:95:5) {
  code: 401,
  status: 'error'
}
